<?xml version="1.0" encoding="UTF-8"?>
<testsuite xmlns:xsi="http://www.w3.org/2001/XMLSchema-instance" xsi:noNamespaceSchemaLocation="https://maven.apache.org/surefire/maven-surefire-plugin/xsd/surefire-test-report-3.0.xsd" version="3.0" name="com.sspaoo.SistemaAcademico.SistemaAcademicoTest" time="0.255" tests="11" errors="0" skipped="0" failures="0">
  <properties>
[...]
</properties>
  <testcase name="testCoRequisitoNaoAtendidoException" classname="com.sspaoo.SistemaAcademico.SistemaAcademicoTest" time="0.085"/>
  <testcase name="testMatriculaBemSucedida" classname="com.sspaoo.SistemaAcademico.SistemaAcademicoTest" time="0.025">
    <system-out><![CDATA[Relatorio de matrícula
Nome: João Silva
Número de matrícula: 202500001
Turmas aprovadas: 
Aluno 202500001 foi matriculado na disciplina MAT155 turma A com sucesso
Aluno 202500001 foi matriculado na disciplina DCC120 turma B com sucesso

Turmas rejeitadas: 

]]></system-out>
  </testcase>
  <testcase name="testPreRequisitoNaoCumpridoExceptionOR" classname="com.sspaoo.SistemaAcademico.SistemaAcademicoTest" time="0.008"/>
  <testcase name="testPreRequisitoNaoCumpridoExceptionNota" classname="com.sspaoo.SistemaAcademico.SistemaAcademicoTest" time="0.004"/>
  <testcase name="testCargaHorariaExcedidaException" classname="com.sspaoo.SistemaAcademico.SistemaAcademicoTest" time="0.004"/>
  <testcase name="testPreRequisitoNaoCumpridoException" classname="com.sspaoo.SistemaAcademico.SistemaAcademicoTest" time="0.006"/>
  <testcase name="testConflitoHorarioPrecedenciaOptativa" classname="com.sspaoo.SistemaAcademico.SistemaAcademicoTest" time="0.004">
    <system-out><![CDATA[Relatorio de matrícula
Nome: João Silva
Número de matrícula: 202500001
Turmas aprovadas: 
Aluno 202500001 foi matriculado na disciplina ABC turma A com sucesso

Turmas rejeitadas: 
Aluno 202500001 não foi matriculado na disciplina MAT101 turma B | Motivo: Conflito de horário | 

]]></system-out>
  </testcase>
  <testcase name="testPreRequisitoNaoCumpridoExceptionAND" classname="com.sspaoo.SistemaAcademico.SistemaAcademicoTest" time="0.005"/>
  <testcase name="testConflitoHorario" classname="com.sspaoo.SistemaAcademico.SistemaAcademicoTest" time="0.003"/>
  <testcase name="testTurmaCheiaException" classname="com.sspaoo.SistemaAcademico.SistemaAcademicoTest" time="0.002"/>
  <testcase name="testConflitoHorarioPrecedenciaEletiva" classname="com.sspaoo.SistemaAcademico.SistemaAcademicoTest" time="0.006">
    <system-out><![CDATA[Relatorio de matrícula
Nome: João Silva
Número de matrícula: 202500001
Turmas aprovadas: 
Aluno 202500001 foi matriculado na disciplina MAT101 turma B com sucesso

Turmas rejeitadas: 
Aluno 202500001 não foi matriculado na disciplina ABC turma A | Motivo: Conflito de horário | 

]]></system-out>
  </testcase>
</testsuite>